<?xml version="1.0" encoding="UTF-8"?>
<!-- Generated by org.testng.reporters.JUnitReportReporter -->
<testsuite hostname="C02C83K3MD6M" failures="0" tests="2" name="Parameter" time="0.089" errors="0" timestamp="2021-03-08T10:03:39 IST" skipped="0">
  <testcase classname="Parameter" name="Logotest" time="0.049"/>
  <system-out/>
  <testcase classname="Parameter" name="Logotest" time="0.040"/>
  <system-out/>
</testsuite> <!-- Parameter -->
