<?xml version="1.0" encoding="UTF-8"?>
<!-- Generated by org.testng.reporters.JUnitReportReporter -->
<testsuite hostname="C02C83K3MD6M" failures="0" tests="1" name="SecondTest" time="0.002" errors="0" timestamp="2021-03-07T22:49:04 IST" skipped="0">
  <testcase classname="SecondTest" name="UserTest" time="0.002"/>
  <system-out/>
</testsuite> <!-- SecondTest -->
